 -----------------------------------------------------------------------

                        WAMIT  Version 7.04(x64)       

     Copyright (c) 1999-012  WAMIT Incorporated                        
     Copyright (c) 1998 Massachusetts Institute of Technology          

 -----------------------------------------------------------------------

     The WAMIT software performs computations of wave interactions with
     floating or submerged vessels.  WAMIT is a registered trademark of
     WAMIT Incorporated.  This copy of the WAMIT software is licensed to 

            Institute for Energy Systems                    
            School of Engineering                           
            The University of Edinburgh                     
            The King's Buildings                            
            Mayfield Road                                   
            Edinburgh, EH9 3JL                              
            UK                                              
             
     for end use at the above site.        Release date: 1 Nov 2012 

 -----------------------------------------------------------------------


 Low-order panel method  (ILOWHI=0)                                     
                                                                        
 Input from Geometric Data File:         wam_hb_21.gdf                  
 Model wam_hb_21, created: 09-Jan-2015                                  
                                                                        
 Input from Potential Control File:      wam_hb_2.pot                   
 .pot file   Series:     Run: wam_hb_2                                  
                                                                        
                                                                        
 POTEN run date and starting time:        09-Jan-2015  --  14:17:07     
   Period       Time           RAD      DIFF  (max iterations)          
    1.0000    14:17:08          12      12                              
    1.5000    14:17:08          10      10                              
    2.0000    14:17:08           9       9                              
    2.5000    14:17:08           9       9                              
    3.0000    14:17:08           9       9                              
    3.5000    14:17:08           9       9                              
    4.0000    14:17:08           9       9                              
    4.5000    14:17:08           9       9                              
    5.0000    14:17:09           9       9                              
    5.5000    14:17:09           9       9                              
    6.0000    14:17:09           9       9                              
    6.5000    14:17:09           9       9                              
    7.0000    14:17:09           9       9                              
    7.5000    14:17:09           9       9                              
    8.0000    14:17:09           9       9                              

 Gravity:     9.80660                Length scale:        1.00000
 Water depth:         8.00000       Water density:     1025.00000
 Logarithmic singularity index:              ILOG =     1
 Source formulation index:                   ISOR =     0
 Diffraction/scattering formulation index: ISCATT =     0
 Number of blocks used in linear system:   ISOLVE =     0
 Number of unknowns in linear system:        NEQN =   480

 BODY PARAMETERS:

 Total panels:     480  Waterline panels:     24      Symmetries: none    
 Irregular frequency index: IRR = 0

 XBODY =    0.0000 YBODY =    0.0000 ZBODY =    0.0000 PHIBODY =   0.0
 Volumes (VOLX,VOLY,VOLZ):           3.10571      3.10572      3.10571    
 Center of Buoyancy (Xb,Yb,Zb):     0.000000     0.000000    -0.500000
 Hydrostatic and gravitational restoring coefficients: 
 C(3,3),C(3,4),C(3,5):   3.1057     -0.23313E-06  0.23632E-07
 C(4,4),C(4,5),C(4,6):              -0.79095      0.39317E-07  0.27008E-07
        C(5,5),C(5,6):                           -0.79095     -0.21482E-07
 Center of Gravity  (Xg,Yg,Zg):     0.000000     0.000000     0.000000


 ------------------------------------------------------------------------
                            Output from  WAMIT
 ------------------------------------------------------------------------
 FORCE run date and starting time:                09-Jan-2015 -- 14:17:10
 ------------------------------------------------------------------------
 I/O Filenames:  wam_hb_2.frc        wam_hb_2.p2f        wam_hb_2.out        
 .frc file   Series:     Run: wam_hb_2                                   

 
 ************************************************************************

 Wave period (sec) =  1.000000E+00        Wavenumber (kL) =  4.025699E+00
 ------------------------------------------------------------------------
 ************************************************************************

 Wave period (sec) =  1.500000E+00        Wavenumber (kL) =  1.789199E+00
 ------------------------------------------------------------------------
 ************************************************************************

 Wave period (sec) =  2.000000E+00        Wavenumber (kL) =  1.006425E+00
 ------------------------------------------------------------------------
 ************************************************************************

 Wave period (sec) =  2.500000E+00        Wavenumber (kL) =  6.441550E-01
 ------------------------------------------------------------------------
 ************************************************************************

 Wave period (sec) =  3.000000E+00        Wavenumber (kL) =  4.479901E-01
 ------------------------------------------------------------------------
 ************************************************************************

 Wave period (sec) =  3.500000E+00        Wavenumber (kL) =  3.318919E-01
 ------------------------------------------------------------------------
 ************************************************************************

 Wave period (sec) =  4.000000E+00        Wavenumber (kL) =  2.596324E-01
 ------------------------------------------------------------------------
 ************************************************************************

 Wave period (sec) =  4.500000E+00        Wavenumber (kL) =  2.125223E-01
 ------------------------------------------------------------------------
 ************************************************************************

 Wave period (sec) =  5.000000E+00        Wavenumber (kL) =  1.801372E-01
 ------------------------------------------------------------------------
 ************************************************************************

 Wave period (sec) =  5.500000E+00        Wavenumber (kL) =  1.566977E-01
 ------------------------------------------------------------------------
 ************************************************************************

 Wave period (sec) =  6.000000E+00        Wavenumber (kL) =  1.389684E-01
 ------------------------------------------------------------------------
 ************************************************************************

 Wave period (sec) =  6.500000E+00        Wavenumber (kL) =  1.250707E-01
 ------------------------------------------------------------------------
 ************************************************************************

 Wave period (sec) =  7.000000E+00        Wavenumber (kL) =  1.138608E-01
 ------------------------------------------------------------------------
 ************************************************************************

 Wave period (sec) =  7.500000E+00        Wavenumber (kL) =  1.046089E-01
 ------------------------------------------------------------------------
 ************************************************************************

 Wave period (sec) =  8.000000E+00        Wavenumber (kL) =  9.682900E-02
 ------------------------------------------------------------------------
