 -----------------------------------------------------------------------

                        WAMIT  Version 7.04(x64)       

     Copyright (c) 1999-012  WAMIT Incorporated                        
     Copyright (c) 1998 Massachusetts Institute of Technology          

 -----------------------------------------------------------------------

     The WAMIT software performs computations of wave interactions with
     floating or submerged vessels.  WAMIT is a registered trademark of
     WAMIT Incorporated.  This copy of the WAMIT software is licensed to 

            Institute for Energy Systems                    
            School of Engineering                           
            The University of Edinburgh                     
            The King's Buildings                            
            Mayfield Road                                   
            Edinburgh, EH9 3JL                              
            UK                                              
             
     for end use at the above site.        Release date: 1 Nov 2012 

 -----------------------------------------------------------------------


 Low-order panel method  (ILOWHI=0)                                     
                                                                        
 Input from Geometric Data Files:                                       
                               N=  1     wam_array_11.gdf               
 Model wam_array_11, created: 16-Feb-2015                               
                                                                        
                               N=  2     wam_array_12.gdf               
 Model wam_array_12, created: 16-Feb-2015                               
                                                                        
                               N=  3     wam_array_13.gdf               
 Model wam_array_13, created: 16-Feb-2015                               
                                                                        
 Input from Potential Control File:      wam_array_1.pot                
 .pot file   Series:     Run: wam_array_1                               
                                                                        
                                                                        
 POTEN run date and starting time:        16-Feb-2015  --  12:37:09     
   Period       Time           RAD      DIFF  (max iterations)          
   12.0000    12:37:31          14      11                              
   10.6667    12:37:38          14      11                              
    9.6000    12:37:45          15      12                              
    8.7273    12:37:53          15      12                              
    8.0000    12:38:00          15      12                              

 Gravity:     9.80660                Length scale:        1.00000
 Water depth:        50.00000       Water density:     1000.00000
 Logarithmic singularity index:              ILOG =     1
 Source formulation index:                   ISOR =     0
 Diffraction/scattering formulation index: ISCATT =     0
 Number of blocks used in linear system:   ISOLVE =     0
 Number of unknowns in linear system:        NEQN =  4622
 Global Symmetries: none        

 BODY PARAMETERS:

 Body number: N= 1       Total panels:  1536    Waterline panels:   48
               Irregular frequency index: IRR =0      Symmetries: none    

 XBODY =  -30.0000 YBODY =   40.0000 ZBODY =   -2.5000 PHIBODY =   0.0
 Volumes (VOLX,VOLY,VOLZ):           3132.64      3132.63      3132.63    
 Center of Buoyancy (Xb,Yb,Zb):     0.000000     0.000000    -2.499998
 Hydrostatic and gravitational restoring coefficients: 
 C(3,3),C(3,4),C(3,5):   313.26      0.21746E-05  0.19886E-04
 C(4,4),C(4,5),C(4,6):               -53.583     -0.20529E-02 -0.17738E-03
        C(5,5),C(5,6):                            -53.585      0.61952E-03
 Center of Gravity  (Xg,Yg,Zg):     0.000000     0.000000     0.000000

 Body number: N= 2       Total panels:  1536    Waterline panels:   48
               Irregular frequency index: IRR =0      Symmetries: none    

 XBODY =  -30.0000 YBODY =  -40.0000 ZBODY =   -2.5000 PHIBODY =   0.0
 Volumes (VOLX,VOLY,VOLZ):           3132.64      3132.63      3132.63    
 Center of Buoyancy (Xb,Yb,Zb):     0.000000     0.000000    -2.499998
 Hydrostatic and gravitational restoring coefficients: 
 C(3,3),C(3,4),C(3,5):   313.26      0.21746E-05  0.19886E-04
 C(4,4),C(4,5),C(4,6):               -53.583     -0.20529E-02 -0.17738E-03
        C(5,5),C(5,6):                            -53.585      0.61952E-03
 Center of Gravity  (Xg,Yg,Zg):     0.000000     0.000000     0.000000

 Body number: N= 3       Total panels:  1550    Waterline panels:   70
               Irregular frequency index: IRR =0      Symmetries: none    

 XBODY =   30.0000 YBODY =    0.0000 ZBODY =  -20.0000 PHIBODY =   0.0
 Volumes (VOLX,VOLY,VOLZ):           3000.00      3000.00      3000.00    
 Center of Buoyancy (Xb,Yb,Zb):     0.000000     0.000000    10.000000
 Hydrostatic and gravitational restoring coefficients: 
 C(3,3),C(3,4),C(3,5):   150.00       0.0000      0.52452E-05
 C(4,4),C(4,5),C(4,6):                11237.       0.0000      0.11683E-03
        C(5,5),C(5,6):                             300.00      0.82397E-03
 Center of Gravity  (Xg,Yg,Zg):     0.000000     0.000000    10.000000


 ------------------------------------------------------------------------
                            Output from  WAMIT
 ------------------------------------------------------------------------
 FORCE run date and starting time:                16-Feb-2015 -- 12:38:00
 ------------------------------------------------------------------------
 I/O Filenames:  wam_array_1.frc     wam_array_1.p2f     wam_array_1.out     
 .frc file   Series:     Run: wam_array_1                                

 
