 -----------------------------------------------------------------------

                        WAMIT  Version 7.04(x64)       

     Copyright (c) 1999-012  WAMIT Incorporated                        
     Copyright (c) 1998 Massachusetts Institute of Technology          

 -----------------------------------------------------------------------

     The WAMIT software performs computations of wave interactions with
     floating or submerged vessels.  WAMIT is a registered trademark of
     WAMIT Incorporated.  This copy of the WAMIT software is licensed to 

            Institute for Energy Systems                    
            School of Engineering                           
            The University of Edinburgh                     
            The King's Buildings                            
            Mayfield Road                                   
            Edinburgh, EH9 3JL                              
            UK                                              
             
     for end use at the above site.        Release date: 1 Nov 2012 

 -----------------------------------------------------------------------


 Low-order panel method  (ILOWHI=0)                                     
                                                                        
 Input from Geometric Data File:         nem_1b_6dof_1w1.gdf            
 Model nem_1b_6dof_1w1, created: 17-Feb-2015                            
                                                                        
 Input from Potential Control File:      nem_1b_6dof_1w.pot             
 .pot file   Series:     Run: nem_1b_6dof_1w                            
                                                                        
                                                                        
 POTEN run date and starting time:        17-Feb-2015  --  15:06:50     
   Period       Time           RAD      DIFF  (max iterations)          
   12.5664    15:06:52          10       9                              
   11.5611    15:06:53          10       9                              
   10.7047    15:06:53          10       9                              
    9.9664    15:06:53          10       9                              
    9.3234    15:06:54          11       9                              
    8.7584    15:06:54          11       9                              
    8.2579    15:06:55          11       9                              
    7.8115    15:06:55          11       9                              
    7.4109    15:06:56          11       9                              
    7.0494    15:06:56          11       9                              
    6.7215    15:06:57          11       9                              
    6.4228    15:06:57          11       9                              
    6.1495    15:06:58          11       9                              
    5.8985    15:06:58          11       9                              
    5.6672    15:06:58          11       9                              
    5.4533    15:06:59          11       9                              
    5.2550    15:06:59          11       9                              
    5.0706    15:07:00          11       9                              
    4.8988    15:07:00          11       9                              
    4.7381    15:07:01          11       9                              
    4.5877    15:07:01          11       9                              
    4.4466    15:07:02          11       9                              
    4.3138    15:07:02          11       9                              
    4.1888    15:07:03          11       9                              

 Gravity:     9.80660                Length scale:        1.00000
 Water depth:        50.00000       Water density:     1000.00000
 Logarithmic singularity index:              ILOG =     1
 Source formulation index:                   ISOR =     0
 Diffraction/scattering formulation index: ISCATT =     0
 Number of blocks used in linear system:   ISOLVE =     0
 Number of unknowns in linear system:        NEQN =  1536

 BODY PARAMETERS:

 Total panels:    1536  Waterline panels:     48      Symmetries: none    
 Irregular frequency index: IRR = 0

 XBODY =    0.0000 YBODY =    0.0000 ZBODY =   -2.5000 PHIBODY =   0.0
 Volumes (VOLX,VOLY,VOLZ):           783.153      783.152      783.153    
 Center of Buoyancy (Xb,Yb,Zb):     0.000000     0.000000    -2.500000
 Hydrostatic and gravitational restoring coefficients: 
 C(3,3),C(3,4),C(3,5):   78.315      0.18406E-04  0.27362E-05
 C(4,4),C(4,5),C(4,6):               -1471.8      0.59419E-04 -0.14305E-05
        C(5,5),C(5,6):                            -1471.8     -0.42843E-04
 Center of Gravity  (Xg,Yg,Zg):     0.000000     0.000000     0.000000


 ------------------------------------------------------------------------
                            Output from  WAMIT
 ------------------------------------------------------------------------
 FORCE run date and starting time:                17-Feb-2015 -- 15:07:03
 ------------------------------------------------------------------------
 I/O Filenames:  nem_1b_6dof_1w.frc  nem_1b_6dof_1w.p2f  nem_1b_6dof_1w.out  
 .frc file   Series:     Run: nem_1b_6dof_1w                             

 
 ************************************************************************

 Wave period (sec) =  1.256640E+01        Wavenumber (kL) =  2.859262E-02
 ------------------------------------------------------------------------
 ************************************************************************

 Wave period (sec) =  1.156110E+01        Wavenumber (kL) =  3.253919E-02
 ------------------------------------------------------------------------
 ************************************************************************

 Wave period (sec) =  1.070470E+01        Wavenumber (kL) =  3.692590E-02
 ------------------------------------------------------------------------
 ************************************************************************

 Wave period (sec) =  9.966400E+00        Wavenumber (kL) =  4.178955E-02
 ------------------------------------------------------------------------
 ************************************************************************

 Wave period (sec) =  9.323400E+00        Wavenumber (kL) =  4.714937E-02
 ------------------------------------------------------------------------
 ************************************************************************

 Wave period (sec) =  8.758400E+00        Wavenumber (kL) =  5.300599E-02
 ------------------------------------------------------------------------
 ************************************************************************

 Wave period (sec) =  8.257900E+00        Wavenumber (kL) =  5.934722E-02
 ------------------------------------------------------------------------
 ************************************************************************

 Wave period (sec) =  7.811500E+00        Wavenumber (kL) =  6.615098E-02
 ------------------------------------------------------------------------
 ************************************************************************

 Wave period (sec) =  7.410900E+00        Wavenumber (kL) =  7.339449E-02
 ------------------------------------------------------------------------
 ************************************************************************

 Wave period (sec) =  7.049400E+00        Wavenumber (kL) =  8.105861E-02
 ------------------------------------------------------------------------
 ************************************************************************

 Wave period (sec) =  6.721500E+00        Wavenumber (kL) =  8.913039E-02
 ------------------------------------------------------------------------
 ************************************************************************

 Wave period (sec) =  6.422800E+00        Wavenumber (kL) =  9.759840E-02
 ------------------------------------------------------------------------
 ************************************************************************

 Wave period (sec) =  6.149500E+00        Wavenumber (kL) =  1.064590E-01
 ------------------------------------------------------------------------
 ************************************************************************

 Wave period (sec) =  5.898500E+00        Wavenumber (kL) =  1.157088E-01
 ------------------------------------------------------------------------
 ************************************************************************

 Wave period (sec) =  5.667200E+00        Wavenumber (kL) =  1.253451E-01
 ------------------------------------------------------------------------
 ************************************************************************

 Wave period (sec) =  5.453300E+00        Wavenumber (kL) =  1.353704E-01
 ------------------------------------------------------------------------
 ************************************************************************

 Wave period (sec) =  5.255000E+00        Wavenumber (kL) =  1.457794E-01
 ------------------------------------------------------------------------
 ************************************************************************

 Wave period (sec) =  5.070600E+00        Wavenumber (kL) =  1.565751E-01
 ------------------------------------------------------------------------
 ************************************************************************

 Wave period (sec) =  4.898800E+00        Wavenumber (kL) =  1.677498E-01
 ------------------------------------------------------------------------
 ************************************************************************

 Wave period (sec) =  4.738100E+00        Wavenumber (kL) =  1.793217E-01
 ------------------------------------------------------------------------
 ************************************************************************

 Wave period (sec) =  4.587700E+00        Wavenumber (kL) =  1.912720E-01
 ------------------------------------------------------------------------
 ************************************************************************

 Wave period (sec) =  4.446600E+00        Wavenumber (kL) =  2.036035E-01
 ------------------------------------------------------------------------
 ************************************************************************

 Wave period (sec) =  4.313800E+00        Wavenumber (kL) =  2.163323E-01
 ------------------------------------------------------------------------
 ************************************************************************

 Wave period (sec) =  4.188800E+00        Wavenumber (kL) =  2.294363E-01
 ------------------------------------------------------------------------
