 -----------------------------------------------------------------------

                        WAMIT  Version 7.04(x64)       

     Copyright (c) 1999-012  WAMIT Incorporated                        
     Copyright (c) 1998 Massachusetts Institute of Technology          

 -----------------------------------------------------------------------

     The WAMIT software performs computations of wave interactions with
     floating or submerged vessels.  WAMIT is a registered trademark of
     WAMIT Incorporated.  This copy of the WAMIT software is licensed to 

            Institute for Energy Systems                    
            School of Engineering                           
            The University of Edinburgh                     
            The King's Buildings                            
            Mayfield Road                                   
            Edinburgh, EH9 3JL                              
            UK                                              
             
     for end use at the above site.        Release date: 1 Nov 2012 

 -----------------------------------------------------------------------


 Low-order panel method  (ILOWHI=0)                                     
                                                                        
 Input from Geometric Data File:         wam_hb_11.gdf                  
 Model wam_hb_11, created: 03-Nov-2014                                  
                                                                        
 Input from Potential Control File:      wam_hb_1.pot                   
 .pot file   Series:     Run: wam_hb_1                                  
                                                                        
                                                                        
 POTEN run date and starting time:        03-Nov-2014  --  15:33:19     
   Period       Time           RAD      DIFF  (max iterations)          
    4.0000    15:33:25          16      14                              
    5.0000    15:33:28          14      12                              
    6.0000    15:33:30          13      11                              
    7.0000    15:33:33          13      11                              
    8.0000    15:33:35          12      10                              
    9.0000    15:33:37          12      10                              
   10.0000    15:33:39          11      10                              
   11.0000    15:33:42          11       9                              
   12.0000    15:33:44          11       9                              

 Gravity:     9.80660                Length scale:        1.00000
 Water depth:        50.00000       Water density:     1000.00000
 Logarithmic singularity index:              ILOG =     1
 Source formulation index:                   ISOR =     0
 Diffraction/scattering formulation index: ISCATT =     0
 Number of blocks used in linear system:   ISOLVE =     0
 Number of unknowns in linear system:        NEQN =  1920

 BODY PARAMETERS:

 Total panels:    1920  Waterline panels:    160      Symmetries: none    
 Irregular frequency index: IRR = 0

 XBODY =    0.0000 YBODY =    0.0000 ZBODY =    0.0000 PHIBODY =   0.0
 Volumes (VOLX,VOLY,VOLZ):           2069.15      2069.35      2070.19    
 Center of Buoyancy (Xb,Yb,Zb):     0.000002     0.000000    -1.991985
 Hydrostatic and gravitational restoring coefficients: 
 C(3,3),C(3,4),C(3,5):   574.81     -0.70059E-04 -0.27703E-03
 C(4,4),C(4,5),C(4,6):                462.71      0.28619E-03 -0.48947E-02
        C(5,5),C(5,6):                            0.15508E+06 -0.56323E-04
 Center of Gravity  (Xg,Yg,Zg):     0.000000     0.000000     0.000000


 ------------------------------------------------------------------------
                            Output from  WAMIT
 ------------------------------------------------------------------------
 FORCE run date and starting time:                03-Nov-2014 -- 15:33:44
 ------------------------------------------------------------------------
 I/O Filenames:  wam_hb_1.frc        wam_hb_1.p2f        wam_hb_1.out        
 .frc file   Series:     Run: wam_hb_1                                   

 
 ************************************************************************

 Wave period (sec) =  4.000000E+00        Wavenumber (kL) =  2.516062E-01
 ------------------------------------------------------------------------
 ************************************************************************

 Wave period (sec) =  5.000000E+00        Wavenumber (kL) =  1.610280E-01
 ------------------------------------------------------------------------
 ************************************************************************

 Wave period (sec) =  6.000000E+00        Wavenumber (kL) =  1.118281E-01
 ------------------------------------------------------------------------
 ************************************************************************

 Wave period (sec) =  7.000000E+00        Wavenumber (kL) =  8.220137E-02
 ------------------------------------------------------------------------
 ************************************************************************

 Wave period (sec) =  8.000000E+00        Wavenumber (kL) =  6.312999E-02
 ------------------------------------------------------------------------
 ************************************************************************

 Wave period (sec) =  9.000000E+00        Wavenumber (kL) =  5.035088E-02
 ------------------------------------------------------------------------
 ************************************************************************

 Wave period (sec) =  1.000000E+01        Wavenumber (kL) =  4.154120E-02
 ------------------------------------------------------------------------
 ************************************************************************

 Wave period (sec) =  1.100000E+01        Wavenumber (kL) =  3.528266E-02
 ------------------------------------------------------------------------
 ************************************************************************

 Wave period (sec) =  1.200000E+01        Wavenumber (kL) =  3.068298E-02
 ------------------------------------------------------------------------
