 -----------------------------------------------------------------------

                        WAMIT  Version 7.04(x64)       

     Copyright (c) 1999-012  WAMIT Incorporated                        
     Copyright (c) 1998 Massachusetts Institute of Technology          

 -----------------------------------------------------------------------

     The WAMIT software performs computations of wave interactions with
     floating or submerged vessels.  WAMIT is a registered trademark of
     WAMIT Incorporated.  This copy of the WAMIT software is licensed to 

            Institute for Energy Systems                    
            School of Engineering                           
            The University of Edinburgh                     
            The King's Buildings                            
            Mayfield Road                                   
            Edinburgh, EH9 3JL                              
            UK                                              
             
     for end use at the above site.        Release date: 1 Nov 2012 

 -----------------------------------------------------------------------


 Low-order panel method  (ILOWHI=0)                                     
                                                                        
 Input from Geometric Data File:         nem_1b_1dof_1w1.gdf            
 Model nem_1b_1dof_1w1, created: 17-Feb-2015                            
                                                                        
 Input from Potential Control File:      nem_1b_1dof_1w.pot             
 .pot file   Series:     Run: nem_1b_1dof_1w                            
                                                                        
                                                                        
 POTEN run date and starting time:        17-Feb-2015  --  16:31:08     
   Period       Time           RAD      DIFF  (max iterations)          
   12.5664    16:31:11          11       8                              
    6.2832    16:31:11          11      10                              
    4.1888    16:31:11          13      10                              

 Gravity:     9.80660                Length scale:        1.00000
 Water depth:        50.00000       Water density:     1000.00000
 Logarithmic singularity index:              ILOG =     1
 Source formulation index:                   ISOR =     0
 Diffraction/scattering formulation index: ISCATT =     0
 Number of blocks used in linear system:   ISOLVE =     0
 Number of unknowns in linear system:        NEQN =  1550

 BODY PARAMETERS:

 Total panels:    1550  Waterline panels:     70      Symmetries: none    
 Irregular frequency index: IRR = 0

 XBODY =    0.0000 YBODY =    0.0000 ZBODY =  -20.0000 PHIBODY =   0.0
 Volumes (VOLX,VOLY,VOLZ):           3000.00      3000.00      3000.00    
 Center of Buoyancy (Xb,Yb,Zb):     0.000000     0.000000    10.000000
 Hydrostatic and gravitational restoring coefficients: 
 C(3,3),C(3,4),C(3,5):   150.00       0.0000      0.52452E-05
 C(4,4),C(4,5),C(4,6):                11237.       0.0000      0.11683E-03
        C(5,5),C(5,6):                             300.00      0.82397E-03
 Center of Gravity  (Xg,Yg,Zg):     0.000000     0.000000    10.000000


 ------------------------------------------------------------------------
                            Output from  WAMIT
 ------------------------------------------------------------------------
 FORCE run date and starting time:                17-Feb-2015 -- 16:31:12
 ------------------------------------------------------------------------
 I/O Filenames:  nem_1b_1dof_1w.frc  nem_1b_1dof_1w.p2f  nem_1b_1dof_1w.out  
 .frc file   Series:     Run: nem_1b_1dof_1w                             

 
 ************************************************************************

 Wave period (sec) =  1.256640E+01        Wavenumber (kL) =  2.859262E-02
 ------------------------------------------------------------------------
 ************************************************************************

 Wave period (sec) =  6.283200E+00        Wavenumber (kL) =  1.019793E-01
 ------------------------------------------------------------------------
 ************************************************************************

 Wave period (sec) =  4.188800E+00        Wavenumber (kL) =  2.294363E-01
 ------------------------------------------------------------------------
