 -----------------------------------------------------------------------

                        WAMIT  Version 7.04(x64)       

     Copyright (c) 1999-012  WAMIT Incorporated                        
     Copyright (c) 1998 Massachusetts Institute of Technology          

 -----------------------------------------------------------------------

     The WAMIT software performs computations of wave interactions with
     floating or submerged vessels.  WAMIT is a registered trademark of
     WAMIT Incorporated.  This copy of the WAMIT software is licensed to 

            Institute for Energy Systems                    
            School of Engineering                           
            The University of Edinburgh                     
            The King's Buildings                            
            Mayfield Road                                   
            Edinburgh, EH9 3JL                              
            UK                                              
             
     for end use at the above site.        Release date: 1 Nov 2012 

 -----------------------------------------------------------------------


 Low-order panel method  (ILOWHI=0)                                     
                                                                        
 Input from Geometric Data File:         wam_1b_atten_11.gdf            
 Model wam_1b_atten_11, created: 01-Sep-2014                            
                                                                        
 Input from Potential Control File:      wam_1b_atten_1.pot             
 .pot file   Series:     Run: wam_1b_atten_1                            
                                                                        
                                                                        
 POTEN run date and starting time:        01-Sep-2014  --  11:31:52     
   Period       Time           RAD      DIFF  (max iterations)          
    4.0000    11:32:00          16      14                              
    4.1000    11:32:01          16      14                              
    4.2000    11:32:02          15      13                              
    4.3000    11:32:04          15      13                              
    4.4000    11:32:05          15      13                              
    4.5000    11:32:07          15      13                              
    4.6000    11:32:08          14      13                              
    4.7000    11:32:09          14      12                              
    4.8000    11:32:10          14      12                              
    4.9000    11:32:12          14      12                              
    5.0000    11:32:13          14      12                              
    5.1000    11:32:14          14      12                              
    5.2000    11:32:15          14      12                              
    5.3000    11:32:17          14      12                              
    5.4000    11:32:18          14      12                              
    5.5000    11:32:19          14      11                              
    5.6000    11:32:20          14      11                              
    5.7000    11:32:21          14      11                              
    5.8000    11:32:22          14      11                              
    5.9000    11:32:24          13      11                              
    6.0000    11:32:25          13      11                              
    6.1000    11:32:26          13      11                              
    6.2000    11:32:27          13      11                              
    6.3000    11:32:28          13      11                              
    6.4000    11:32:29          13      11                              
    6.5000    11:32:30          13      11                              
    6.6000    11:32:32          13      11                              
    6.7000    11:32:33          13      11                              
    6.8000    11:32:34          13      11                              
    6.9000    11:32:35          13      10                              
    7.0000    11:32:36          13      10                              
    7.1000    11:32:37          13      10                              
    7.2000    11:32:39          13      10                              
    7.3000    11:32:40          13      10                              
    7.4000    11:32:41          13      10                              
    7.5000    11:32:42          12      10                              
    7.6000    11:32:43          12      10                              
    7.7000    11:32:44          12      10                              
    7.8000    11:32:45          12      10                              
    7.9000    11:32:46          12      10                              
    8.0000    11:32:47          12      10                              
    8.1000    11:32:48          12      10                              
    8.2000    11:32:49          12      10                              
    8.3000    11:32:50          12      10                              
    8.4000    11:32:51          12      10                              
    8.5000    11:32:53          12      10                              
    8.6000    11:32:54          12      10                              
    8.7000    11:32:55          12      10                              
    8.8000    11:32:56          12      10                              
    8.9000    11:32:57          12      10                              
    9.0000    11:32:58          12      10                              
    9.1000    11:32:59          12      10                              
    9.2000    11:33:00          12      10                              
    9.3000    11:33:01          12      10                              
    9.4000    11:33:02          12      10                              
    9.5000    11:33:03          12      10                              
    9.6000    11:33:04          12      10                              
    9.7000    11:33:05          11      10                              
    9.8000    11:33:06          11      10                              
    9.9000    11:33:07          11       9                              
   10.0000    11:33:08          11       9                              
   10.1000    11:33:09          11       9                              
   10.2000    11:33:10          11       9                              
   10.3000    11:33:11          11       9                              
   10.4000    11:33:12          11       9                              
   10.5000    11:33:13          11       9                              
   10.6000    11:33:14          11       9                              
   10.7000    11:33:15          11       9                              
   10.8000    11:33:17          11       9                              
   10.9000    11:33:18          11       9                              
   11.0000    11:33:19          11       9                              
   11.1000    11:33:20          11       9                              
   11.2000    11:33:21          11       9                              
   11.3000    11:33:22          11       9                              
   11.4000    11:33:23          11       9                              
   11.5000    11:33:24          11       9                              
   11.6000    11:33:25          11       9                              
   11.7000    11:33:26          11       9                              
   11.8000    11:33:27          11       9                              
   11.9000    11:33:28          11       9                              
   12.0000    11:33:29          11       9                              

 Gravity:     9.80660                Length scale:        1.00000
 Water depth:        infinite       Water density:     1000.00000
 Logarithmic singularity index:              ILOG =     1
 Source formulation index:                   ISOR =     0
 Diffraction/scattering formulation index: ISCATT =     0
 Number of blocks used in linear system:   ISOLVE =     0
 Number of unknowns in linear system:        NEQN =  1920

 BODY PARAMETERS:

 Total panels:    1920  Waterline panels:    160      Symmetries: none    
 Irregular frequency index: IRR = 0

 XBODY =    0.0000 YBODY =    0.0000 ZBODY =    0.0000 PHIBODY =   0.0
 Volumes (VOLX,VOLY,VOLZ):           2069.15      2069.35      2070.19    
 Center of Buoyancy (Xb,Yb,Zb):     0.000002     0.000000    -1.991985
 Hydrostatic and gravitational restoring coefficients: 
 C(3,3),C(3,4),C(3,5):   574.81     -0.70059E-04 -0.27703E-03
 C(4,4),C(4,5),C(4,6):                462.71      0.28619E-03 -0.48947E-02
        C(5,5),C(5,6):                            0.15508E+06 -0.56323E-04
 Center of Gravity  (Xg,Yg,Zg):     0.000000     0.000000     0.000000


 ------------------------------------------------------------------------
                            Output from  WAMIT
 ------------------------------------------------------------------------
 FORCE run date and starting time:                01-Sep-2014 -- 11:33:30
 ------------------------------------------------------------------------
 I/O Filenames:  wam_1b_atten_1.frc  wam_1b_atten_1.p2f  wam_1b_atten_1.out  
 .frc file   Series:     Run: wam_1b_atten_1                             

 
 ************************************************************************

 Wave period (sec) =  4.000000E+00        Wavenumber (kL) =  2.516062E-01
 ------------------------------------------------------------------------
 ************************************************************************

 Wave period (sec) =  4.100000E+00        Wavenumber (kL) =  2.394824E-01
 ------------------------------------------------------------------------
 ************************************************************************

 Wave period (sec) =  4.200000E+00        Wavenumber (kL) =  2.282143E-01
 ------------------------------------------------------------------------
 ************************************************************************

 Wave period (sec) =  4.300000E+00        Wavenumber (kL) =  2.177230E-01
 ------------------------------------------------------------------------
 ************************************************************************

 Wave period (sec) =  4.400000E+00        Wavenumber (kL) =  2.079390E-01
 ------------------------------------------------------------------------
 ************************************************************************

 Wave period (sec) =  4.500000E+00        Wavenumber (kL) =  1.988000E-01
 ------------------------------------------------------------------------
 ************************************************************************

 Wave period (sec) =  4.600000E+00        Wavenumber (kL) =  1.902504E-01
 ------------------------------------------------------------------------
 ************************************************************************

 Wave period (sec) =  4.700000E+00        Wavenumber (kL) =  1.822408E-01
 ------------------------------------------------------------------------
 ************************************************************************

 Wave period (sec) =  4.800000E+00        Wavenumber (kL) =  1.747265E-01
 ------------------------------------------------------------------------
 ************************************************************************

 Wave period (sec) =  4.900000E+00        Wavenumber (kL) =  1.676676E-01
 ------------------------------------------------------------------------
 ************************************************************************

 Wave period (sec) =  5.000000E+00        Wavenumber (kL) =  1.610280E-01
 ------------------------------------------------------------------------
 ************************************************************************

 Wave period (sec) =  5.100000E+00        Wavenumber (kL) =  1.547751E-01
 ------------------------------------------------------------------------
 ************************************************************************

 Wave period (sec) =  5.200000E+00        Wavenumber (kL) =  1.488794E-01
 ------------------------------------------------------------------------
 ************************************************************************

 Wave period (sec) =  5.300000E+00        Wavenumber (kL) =  1.433143E-01
 ------------------------------------------------------------------------
 ************************************************************************

 Wave period (sec) =  5.400000E+00        Wavenumber (kL) =  1.380555E-01
 ------------------------------------------------------------------------
 ************************************************************************

 Wave period (sec) =  5.500000E+00        Wavenumber (kL) =  1.330810E-01
 ------------------------------------------------------------------------
 ************************************************************************

 Wave period (sec) =  5.600000E+00        Wavenumber (kL) =  1.283705E-01
 ------------------------------------------------------------------------
 ************************************************************************

 Wave period (sec) =  5.700000E+00        Wavenumber (kL) =  1.239058E-01
 ------------------------------------------------------------------------
 ************************************************************************

 Wave period (sec) =  5.800000E+00        Wavenumber (kL) =  1.196700E-01
 ------------------------------------------------------------------------
 ************************************************************************

 Wave period (sec) =  5.900000E+00        Wavenumber (kL) =  1.156478E-01
 ------------------------------------------------------------------------
 ************************************************************************

 Wave period (sec) =  6.000000E+00        Wavenumber (kL) =  1.118250E-01
 ------------------------------------------------------------------------
 ************************************************************************

 Wave period (sec) =  6.100000E+00        Wavenumber (kL) =  1.081886E-01
 ------------------------------------------------------------------------
 ************************************************************************

 Wave period (sec) =  6.200000E+00        Wavenumber (kL) =  1.047268E-01
 ------------------------------------------------------------------------
 ************************************************************************

 Wave period (sec) =  6.300000E+00        Wavenumber (kL) =  1.014285E-01
 ------------------------------------------------------------------------
 ************************************************************************

 Wave period (sec) =  6.400000E+00        Wavenumber (kL) =  9.828367E-02
 ------------------------------------------------------------------------
 ************************************************************************

 Wave period (sec) =  6.500000E+00        Wavenumber (kL) =  9.528282E-02
 ------------------------------------------------------------------------
 ************************************************************************

 Wave period (sec) =  6.600000E+00        Wavenumber (kL) =  9.241734E-02
 ------------------------------------------------------------------------
 ************************************************************************

 Wave period (sec) =  6.700000E+00        Wavenumber (kL) =  8.967920E-02
 ------------------------------------------------------------------------
 ************************************************************************

 Wave period (sec) =  6.800000E+00        Wavenumber (kL) =  8.706097E-02
 ------------------------------------------------------------------------
 ************************************************************************

 Wave period (sec) =  6.900000E+00        Wavenumber (kL) =  8.455575E-02
 ------------------------------------------------------------------------
 ************************************************************************

 Wave period (sec) =  7.000000E+00        Wavenumber (kL) =  8.215713E-02
 ------------------------------------------------------------------------
 ************************************************************************

 Wave period (sec) =  7.100000E+00        Wavenumber (kL) =  7.985914E-02
 ------------------------------------------------------------------------
 ************************************************************************

 Wave period (sec) =  7.200000E+00        Wavenumber (kL) =  7.765624E-02
 ------------------------------------------------------------------------
 ************************************************************************

 Wave period (sec) =  7.300000E+00        Wavenumber (kL) =  7.554323E-02
 ------------------------------------------------------------------------
 ************************************************************************

 Wave period (sec) =  7.400000E+00        Wavenumber (kL) =  7.351533E-02
 ------------------------------------------------------------------------
 ************************************************************************

 Wave period (sec) =  7.500000E+00        Wavenumber (kL) =  7.156799E-02
 ------------------------------------------------------------------------
 ************************************************************************

 Wave period (sec) =  7.600000E+00        Wavenumber (kL) =  6.969701E-02
 ------------------------------------------------------------------------
 ************************************************************************

 Wave period (sec) =  7.700000E+00        Wavenumber (kL) =  6.789845E-02
 ------------------------------------------------------------------------
 ************************************************************************

 Wave period (sec) =  7.800000E+00        Wavenumber (kL) =  6.616862E-02
 ------------------------------------------------------------------------
 ************************************************************************

 Wave period (sec) =  7.900000E+00        Wavenumber (kL) =  6.450407E-02
 ------------------------------------------------------------------------
 ************************************************************************

 Wave period (sec) =  8.000000E+00        Wavenumber (kL) =  6.290155E-02
 ------------------------------------------------------------------------
 ************************************************************************

 Wave period (sec) =  8.100000E+00        Wavenumber (kL) =  6.135800E-02
 ------------------------------------------------------------------------
 ************************************************************************

 Wave period (sec) =  8.200000E+00        Wavenumber (kL) =  5.987060E-02
 ------------------------------------------------------------------------
 ************************************************************************

 Wave period (sec) =  8.300000E+00        Wavenumber (kL) =  5.843662E-02
 ------------------------------------------------------------------------
 ************************************************************************

 Wave period (sec) =  8.400000E+00        Wavenumber (kL) =  5.705357E-02
 ------------------------------------------------------------------------
 ************************************************************************

 Wave period (sec) =  8.500000E+00        Wavenumber (kL) =  5.571902E-02
 ------------------------------------------------------------------------
 ************************************************************************

 Wave period (sec) =  8.600000E+00        Wavenumber (kL) =  5.443076E-02
 ------------------------------------------------------------------------
 ************************************************************************

 Wave period (sec) =  8.700000E+00        Wavenumber (kL) =  5.318668E-02
 ------------------------------------------------------------------------
 ************************************************************************

 Wave period (sec) =  8.800000E+00        Wavenumber (kL) =  5.198475E-02
 ------------------------------------------------------------------------
 ************************************************************************

 Wave period (sec) =  8.900000E+00        Wavenumber (kL) =  5.082312E-02
 ------------------------------------------------------------------------
 ************************************************************************

 Wave period (sec) =  9.000000E+00        Wavenumber (kL) =  4.969999E-02
 ------------------------------------------------------------------------
 ************************************************************************

 Wave period (sec) =  9.100000E+00        Wavenumber (kL) =  4.861368E-02
 ------------------------------------------------------------------------
 ************************************************************************

 Wave period (sec) =  9.200000E+00        Wavenumber (kL) =  4.756261E-02
 ------------------------------------------------------------------------
 ************************************************************************

 Wave period (sec) =  9.300000E+00        Wavenumber (kL) =  4.654525E-02
 ------------------------------------------------------------------------
 ************************************************************************

 Wave period (sec) =  9.400000E+00        Wavenumber (kL) =  4.556020E-02
 ------------------------------------------------------------------------
 ************************************************************************

 Wave period (sec) =  9.500000E+00        Wavenumber (kL) =  4.460609E-02
 ------------------------------------------------------------------------
 ************************************************************************

 Wave period (sec) =  9.600000E+00        Wavenumber (kL) =  4.368163E-02
 ------------------------------------------------------------------------
 ************************************************************************

 Wave period (sec) =  9.700000E+00        Wavenumber (kL) =  4.278562E-02
 ------------------------------------------------------------------------
 ************************************************************************

 Wave period (sec) =  9.800000E+00        Wavenumber (kL) =  4.191690E-02
 ------------------------------------------------------------------------
 ************************************************************************

 Wave period (sec) =  9.900000E+00        Wavenumber (kL) =  4.107437E-02
 ------------------------------------------------------------------------
 ************************************************************************

 Wave period (sec) =  1.000000E+01        Wavenumber (kL) =  4.025700E-02
 ------------------------------------------------------------------------
 ************************************************************************

 Wave period (sec) =  1.010000E+01        Wavenumber (kL) =  3.946377E-02
 ------------------------------------------------------------------------
 ************************************************************************

 Wave period (sec) =  1.020000E+01        Wavenumber (kL) =  3.869377E-02
 ------------------------------------------------------------------------
 ************************************************************************

 Wave period (sec) =  1.030000E+01        Wavenumber (kL) =  3.794608E-02
 ------------------------------------------------------------------------
 ************************************************************************

 Wave period (sec) =  1.040000E+01        Wavenumber (kL) =  3.721985E-02
 ------------------------------------------------------------------------
 ************************************************************************

 Wave period (sec) =  1.050000E+01        Wavenumber (kL) =  3.651428E-02
 ------------------------------------------------------------------------
 ************************************************************************

 Wave period (sec) =  1.060000E+01        Wavenumber (kL) =  3.582858E-02
 ------------------------------------------------------------------------
 ************************************************************************

 Wave period (sec) =  1.070000E+01        Wavenumber (kL) =  3.516202E-02
 ------------------------------------------------------------------------
 ************************************************************************

 Wave period (sec) =  1.080000E+01        Wavenumber (kL) =  3.451388E-02
 ------------------------------------------------------------------------
 ************************************************************************

 Wave period (sec) =  1.090000E+01        Wavenumber (kL) =  3.388351E-02
 ------------------------------------------------------------------------
 ************************************************************************

 Wave period (sec) =  1.100000E+01        Wavenumber (kL) =  3.327024E-02
 ------------------------------------------------------------------------
 ************************************************************************

 Wave period (sec) =  1.110000E+01        Wavenumber (kL) =  3.267347E-02
 ------------------------------------------------------------------------
 ************************************************************************

 Wave period (sec) =  1.120000E+01        Wavenumber (kL) =  3.209263E-02
 ------------------------------------------------------------------------
 ************************************************************************

 Wave period (sec) =  1.130000E+01        Wavenumber (kL) =  3.152713E-02
 ------------------------------------------------------------------------
 ************************************************************************

 Wave period (sec) =  1.140000E+01        Wavenumber (kL) =  3.097645E-02
 ------------------------------------------------------------------------
 ************************************************************************

 Wave period (sec) =  1.150000E+01        Wavenumber (kL) =  3.044007E-02
 ------------------------------------------------------------------------
 ************************************************************************

 Wave period (sec) =  1.160000E+01        Wavenumber (kL) =  2.991750E-02
 ------------------------------------------------------------------------
 ************************************************************************

 Wave period (sec) =  1.170000E+01        Wavenumber (kL) =  2.940828E-02
 ------------------------------------------------------------------------
 ************************************************************************

 Wave period (sec) =  1.180000E+01        Wavenumber (kL) =  2.891194E-02
 ------------------------------------------------------------------------
 ************************************************************************

 Wave period (sec) =  1.190000E+01        Wavenumber (kL) =  2.842807E-02
 ------------------------------------------------------------------------
 ************************************************************************

 Wave period (sec) =  1.200000E+01        Wavenumber (kL) =  2.795624E-02
 ------------------------------------------------------------------------
